[0.008s] Invoking command in '/home/nathan/practice_ws/build/exercise': CMAKE_PREFIX_PATH=${CMAKE_PREFIX_PATH}:/home/nathan/practice_ws/install/my_pakage:/opt/ros/humble /home/nathan/.local/bin/cmake --build /home/nathan/practice_ws/build/exercise -- -j20 -l20
[0.039s] Built target ament_cmake_python_copy_scripts
[0.195s] running egg_info
[0.195s] writing scripts.egg-info/PKG-INFO
[0.195s] writing dependency_links to scripts.egg-info/dependency_links.txt
[0.195s] writing top-level names to scripts.egg-info/top_level.txt
[0.197s] reading manifest file 'scripts.egg-info/SOURCES.txt'
[0.197s] writing manifest file 'scripts.egg-info/SOURCES.txt'
[0.211s] Built target ament_cmake_python_build_scripts_egg
[0.217s] Invoked command in '/home/nathan/practice_ws/build/exercise' returned '0': CMAKE_PREFIX_PATH=${CMAKE_PREFIX_PATH}:/home/nathan/practice_ws/install/my_pakage:/opt/ros/humble /home/nathan/.local/bin/cmake --build /home/nathan/practice_ws/build/exercise -- -j20 -l20
[0.240s] Invoking command in '/home/nathan/practice_ws/build/exercise': CMAKE_PREFIX_PATH=${CMAKE_PREFIX_PATH}:/home/nathan/practice_ws/install/my_pakage:/opt/ros/humble /home/nathan/.local/bin/cmake --install /home/nathan/practice_ws/build/exercise
[0.260s] -- Install configuration: ""
[0.260s] -- Up-to-date: /home/nathan/practice_ws/install/exercise/share/exercise/environment/pythonpath.sh
[0.260s] -- Up-to-date: /home/nathan/practice_ws/install/exercise/share/exercise/environment/pythonpath.dsv
[0.260s] -- Up-to-date: /home/nathan/practice_ws/install/exercise/local/lib/python3.10/dist-packages/scripts-0.0.0-py3.10.egg-info
[0.260s] -- Installing: /home/nathan/practice_ws/install/exercise/local/lib/python3.10/dist-packages/scripts-0.0.0-py3.10.egg-info/top_level.txt
[0.260s] -- Installing: /home/nathan/practice_ws/install/exercise/local/lib/python3.10/dist-packages/scripts-0.0.0-py3.10.egg-info/PKG-INFO
[0.260s] -- Installing: /home/nathan/practice_ws/install/exercise/local/lib/python3.10/dist-packages/scripts-0.0.0-py3.10.egg-info/SOURCES.txt
[0.260s] -- Installing: /home/nathan/practice_ws/install/exercise/local/lib/python3.10/dist-packages/scripts-0.0.0-py3.10.egg-info/dependency_links.txt
[0.260s] -- Up-to-date: /home/nathan/practice_ws/install/exercise/local/lib/python3.10/dist-packages/scripts
[0.260s] -- Installing: /home/nathan/practice_ws/install/exercise/local/lib/python3.10/dist-packages/scripts/speed_subscriber.py
[0.260s] -- Up-to-date: /home/nathan/practice_ws/install/exercise/local/lib/python3.10/dist-packages/scripts/publisher.py
[0.260s] -- Up-to-date: /home/nathan/practice_ws/install/exercise/local/lib/python3.10/dist-packages/scripts/rpm_publisher.py
[0.260s] -- Up-to-date: /home/nathan/practice_ws/install/exercise/local/lib/python3.10/dist-packages/scripts/subscriber.py
[0.260s] -- Up-to-date: /home/nathan/practice_ws/install/exercise/local/lib/python3.10/dist-packages/scripts/__init__.py
[0.284s] Listing '/home/nathan/practice_ws/install/exercise/local/lib/python3.10/dist-packages/scripts'...
[0.284s] Compiling '/home/nathan/practice_ws/install/exercise/local/lib/python3.10/dist-packages/scripts/speed_subscriber.py'...
[0.287s] -- Up-to-date: /home/nathan/practice_ws/install/exercise/lib/exercise/rpm_publisher.py
[0.288s] -- Installing: /home/nathan/practice_ws/install/exercise/lib/exercise/speed_subscriber.py
[0.288s] -- Up-to-date: /home/nathan/practice_ws/install/exercise/share/ament_index/resource_index/package_run_dependencies/exercise
[0.288s] -- Up-to-date: /home/nathan/practice_ws/install/exercise/share/ament_index/resource_index/parent_prefix_path/exercise
[0.288s] -- Up-to-date: /home/nathan/practice_ws/install/exercise/share/exercise/environment/ament_prefix_path.sh
[0.288s] -- Up-to-date: /home/nathan/practice_ws/install/exercise/share/exercise/environment/ament_prefix_path.dsv
[0.288s] -- Up-to-date: /home/nathan/practice_ws/install/exercise/share/exercise/environment/path.sh
[0.288s] -- Up-to-date: /home/nathan/practice_ws/install/exercise/share/exercise/environment/path.dsv
[0.288s] -- Up-to-date: /home/nathan/practice_ws/install/exercise/share/exercise/local_setup.bash
[0.288s] -- Up-to-date: /home/nathan/practice_ws/install/exercise/share/exercise/local_setup.sh
[0.288s] -- Up-to-date: /home/nathan/practice_ws/install/exercise/share/exercise/local_setup.zsh
[0.288s] -- Up-to-date: /home/nathan/practice_ws/install/exercise/share/exercise/local_setup.dsv
[0.288s] -- Up-to-date: /home/nathan/practice_ws/install/exercise/share/exercise/package.dsv
[0.288s] -- Up-to-date: /home/nathan/practice_ws/install/exercise/share/ament_index/resource_index/packages/exercise
[0.288s] -- Up-to-date: /home/nathan/practice_ws/install/exercise/share/exercise/cmake/exerciseConfig.cmake
[0.288s] -- Up-to-date: /home/nathan/practice_ws/install/exercise/share/exercise/cmake/exerciseConfig-version.cmake
[0.288s] -- Up-to-date: /home/nathan/practice_ws/install/exercise/share/exercise/package.xml
[0.292s] Invoked command in '/home/nathan/practice_ws/build/exercise' returned '0': CMAKE_PREFIX_PATH=${CMAKE_PREFIX_PATH}:/home/nathan/practice_ws/install/my_pakage:/opt/ros/humble /home/nathan/.local/bin/cmake --install /home/nathan/practice_ws/build/exercise
