[0.054s] DEBUG:colcon:Command line arguments: ['/usr/bin/colcon', 'build']
[0.054s] DEBUG:colcon:Parsed command line arguments: Namespace(log_base=None, log_level=None, verb_name='build', build_base='build', install_base='install', merge_install=False, symlink_install=False, test_result_base=None, continue_on_error=False, executor='parallel', parallel_workers=20, event_handlers=None, ignore_user_meta=False, metas=['./colcon.meta'], base_paths=['.'], packages_ignore=None, packages_ignore_regex=None, paths=None, packages_up_to=None, packages_up_to_regex=None, packages_above=None, packages_above_and_dependencies=None, packages_above_depth=None, packages_select_by_dep=None, packages_skip_by_dep=None, packages_skip_up_to=None, packages_select_build_failed=False, packages_skip_build_finished=False, packages_select_test_failures=False, packages_skip_test_passed=False, packages_select=None, packages_skip=None, packages_select_regex=None, packages_skip_regex=None, packages_start=None, packages_end=None, allow_overriding=[], cmake_args=None, cmake_target=None, cmake_target_skip_unavailable=False, cmake_clean_cache=False, cmake_clean_first=False, cmake_force_configure=False, ament_cmake_args=None, catkin_cmake_args=None, catkin_skip_building_tests=False, verb_parser=<colcon_defaults.argument_parser.defaults.DefaultArgumentsDecorator object at 0x7544902f36a0>, verb_extension=<colcon_core.verb.build.BuildVerb object at 0x7544902f2d10>, main=<bound method BuildVerb.main of <colcon_core.verb.build.BuildVerb object at 0x7544902f2d10>>)
[0.144s] Level 1:colcon.colcon_core.package_discovery:discover_packages(colcon_meta) check parameters
[0.144s] Level 1:colcon.colcon_core.package_discovery:discover_packages(recursive) check parameters
[0.144s] Level 1:colcon.colcon_core.package_discovery:discover_packages(ignore) check parameters
[0.144s] Level 1:colcon.colcon_core.package_discovery:discover_packages(path) check parameters
[0.144s] Level 1:colcon.colcon_core.package_discovery:discover_packages(colcon_meta) discover
[0.144s] Level 1:colcon.colcon_core.package_discovery:discover_packages(recursive) discover
[0.144s] INFO:colcon.colcon_core.package_discovery:Crawling recursively for packages in '/home/nathan/practice_ws'
[0.144s] Level 1:colcon.colcon_core.package_identification:_identify(.) by extensions ['ignore', 'ignore_ament_install']
[0.144s] Level 1:colcon.colcon_core.package_identification:_identify(.) by extension 'ignore'
[0.144s] Level 1:colcon.colcon_core.package_identification:_identify(.) by extension 'ignore_ament_install'
[0.144s] Level 1:colcon.colcon_core.package_identification:_identify(.) by extensions ['colcon_pkg']
[0.144s] Level 1:colcon.colcon_core.package_identification:_identify(.) by extension 'colcon_pkg'
[0.144s] Level 1:colcon.colcon_core.package_identification:_identify(.) by extensions ['colcon_meta']
[0.144s] Level 1:colcon.colcon_core.package_identification:_identify(.) by extension 'colcon_meta'
[0.144s] Level 1:colcon.colcon_core.package_identification:_identify(.) by extensions ['ros']
[0.145s] Level 1:colcon.colcon_core.package_identification:_identify(.) by extension 'ros'
[0.166s] Level 1:colcon.colcon_core.package_identification:_identify(.) by extensions ['cmake', 'python']
[0.166s] Level 1:colcon.colcon_core.package_identification:_identify(.) by extension 'cmake'
[0.166s] Level 1:colcon.colcon_core.package_identification:_identify(.) by extension 'python'
[0.166s] Level 1:colcon.colcon_core.package_identification:_identify(.) by extensions ['python_setup_py']
[0.166s] Level 1:colcon.colcon_core.package_identification:_identify(.) by extension 'python_setup_py'
[0.166s] Level 1:colcon.colcon_core.package_identification:_identify(build) by extensions ['ignore', 'ignore_ament_install']
[0.166s] Level 1:colcon.colcon_core.package_identification:_identify(build) by extension 'ignore'
[0.166s] Level 1:colcon.colcon_core.package_identification:_identify(build) ignored
[0.167s] Level 1:colcon.colcon_core.package_identification:_identify(install) by extensions ['ignore', 'ignore_ament_install']
[0.167s] Level 1:colcon.colcon_core.package_identification:_identify(install) by extension 'ignore'
[0.167s] Level 1:colcon.colcon_core.package_identification:_identify(install) ignored
[0.167s] Level 1:colcon.colcon_core.package_identification:_identify(log) by extensions ['ignore', 'ignore_ament_install']
[0.167s] Level 1:colcon.colcon_core.package_identification:_identify(log) by extension 'ignore'
[0.167s] Level 1:colcon.colcon_core.package_identification:_identify(log) ignored
[0.167s] Level 1:colcon.colcon_core.package_identification:_identify(src) by extensions ['ignore', 'ignore_ament_install']
[0.167s] Level 1:colcon.colcon_core.package_identification:_identify(src) by extension 'ignore'
[0.167s] Level 1:colcon.colcon_core.package_identification:_identify(src) by extension 'ignore_ament_install'
[0.167s] Level 1:colcon.colcon_core.package_identification:_identify(src) by extensions ['colcon_pkg']
[0.167s] Level 1:colcon.colcon_core.package_identification:_identify(src) by extension 'colcon_pkg'
[0.167s] Level 1:colcon.colcon_core.package_identification:_identify(src) by extensions ['colcon_meta']
[0.167s] Level 1:colcon.colcon_core.package_identification:_identify(src) by extension 'colcon_meta'
[0.167s] Level 1:colcon.colcon_core.package_identification:_identify(src) by extensions ['ros']
[0.167s] Level 1:colcon.colcon_core.package_identification:_identify(src) by extension 'ros'
[0.167s] Level 1:colcon.colcon_core.package_identification:_identify(src) by extensions ['cmake', 'python']
[0.167s] Level 1:colcon.colcon_core.package_identification:_identify(src) by extension 'cmake'
[0.167s] Level 1:colcon.colcon_core.package_identification:_identify(src) by extension 'python'
[0.167s] Level 1:colcon.colcon_core.package_identification:_identify(src) by extensions ['python_setup_py']
[0.167s] Level 1:colcon.colcon_core.package_identification:_identify(src) by extension 'python_setup_py'
[0.167s] Level 1:colcon.colcon_core.package_identification:_identify(src/exercise) by extensions ['ignore', 'ignore_ament_install']
[0.167s] Level 1:colcon.colcon_core.package_identification:_identify(src/exercise) by extension 'ignore'
[0.167s] Level 1:colcon.colcon_core.package_identification:_identify(src/exercise) by extension 'ignore_ament_install'
[0.167s] Level 1:colcon.colcon_core.package_identification:_identify(src/exercise) by extensions ['colcon_pkg']
[0.167s] Level 1:colcon.colcon_core.package_identification:_identify(src/exercise) by extension 'colcon_pkg'
[0.167s] Level 1:colcon.colcon_core.package_identification:_identify(src/exercise) by extensions ['colcon_meta']
[0.167s] Level 1:colcon.colcon_core.package_identification:_identify(src/exercise) by extension 'colcon_meta'
[0.167s] Level 1:colcon.colcon_core.package_identification:_identify(src/exercise) by extensions ['ros']
[0.167s] Level 1:colcon.colcon_core.package_identification:_identify(src/exercise) by extension 'ros'
[0.169s] DEBUG:colcon.colcon_core.package_identification:Package 'src/exercise' with type 'ros.ament_cmake' and name 'exercise'
[0.169s] Level 1:colcon.colcon_core.package_discovery:discover_packages(recursive) using defaults
[0.169s] Level 1:colcon.colcon_core.package_discovery:discover_packages(ignore) discover
[0.169s] Level 1:colcon.colcon_core.package_discovery:discover_packages(ignore) using defaults
[0.169s] Level 1:colcon.colcon_core.package_discovery:discover_packages(path) discover
[0.169s] Level 1:colcon.colcon_core.package_discovery:discover_packages(path) using defaults
[0.180s] Level 1:colcon.colcon_core.package_discovery:discover_packages(prefix_path) check parameters
[0.180s] Level 1:colcon.colcon_core.package_discovery:discover_packages(prefix_path) discover
[0.181s] DEBUG:colcon.colcon_installed_package_information.package_discovery:Found 290 installed packages in /opt/ros/humble
[0.182s] Level 1:colcon.colcon_core.package_discovery:discover_packages(prefix_path) using defaults
[0.198s] Level 5:colcon.colcon_core.verb:set package 'exercise' build argument 'cmake_args' from command line to 'None'
[0.198s] Level 5:colcon.colcon_core.verb:set package 'exercise' build argument 'cmake_target' from command line to 'None'
[0.198s] Level 5:colcon.colcon_core.verb:set package 'exercise' build argument 'cmake_target_skip_unavailable' from command line to 'False'
[0.198s] Level 5:colcon.colcon_core.verb:set package 'exercise' build argument 'cmake_clean_cache' from command line to 'False'
[0.198s] Level 5:colcon.colcon_core.verb:set package 'exercise' build argument 'cmake_clean_first' from command line to 'False'
[0.198s] Level 5:colcon.colcon_core.verb:set package 'exercise' build argument 'cmake_force_configure' from command line to 'False'
[0.198s] Level 5:colcon.colcon_core.verb:set package 'exercise' build argument 'ament_cmake_args' from command line to 'None'
[0.198s] Level 5:colcon.colcon_core.verb:set package 'exercise' build argument 'catkin_cmake_args' from command line to 'None'
[0.198s] Level 5:colcon.colcon_core.verb:set package 'exercise' build argument 'catkin_skip_building_tests' from command line to 'False'
[0.198s] DEBUG:colcon.colcon_core.verb:Building package 'exercise' with the following arguments: {'ament_cmake_args': None, 'build_base': '/home/nathan/practice_ws/build/exercise', 'catkin_cmake_args': None, 'catkin_skip_building_tests': False, 'cmake_args': None, 'cmake_clean_cache': False, 'cmake_clean_first': False, 'cmake_force_configure': False, 'cmake_target': None, 'cmake_target_skip_unavailable': False, 'install_base': '/home/nathan/practice_ws/install/exercise', 'merge_install': False, 'path': '/home/nathan/practice_ws/src/exercise', 'symlink_install': False, 'test_result_base': None}
[0.198s] INFO:colcon.colcon_core.executor:Executing jobs using 'parallel' executor
[0.199s] DEBUG:colcon.colcon_parallel_executor.executor.parallel:run_until_complete
[0.199s] INFO:colcon.colcon_ros.task.ament_cmake.build:Building ROS package in '/home/nathan/practice_ws/src/exercise' with build type 'ament_cmake'
[0.199s] INFO:colcon.colcon_cmake.task.cmake.build:Building CMake package in '/home/nathan/practice_ws/src/exercise'
[0.200s] INFO:colcon.colcon_core.plugin_system:Skipping extension 'colcon_core.shell.bat': Not used on non-Windows systems
[0.200s] INFO:colcon.colcon_core.shell:Skip shell extension 'powershell' for command environment: Not usable outside of PowerShell
[0.200s] DEBUG:colcon.colcon_core.shell:Skip shell extension 'dsv' for command environment
[0.206s] DEBUG:colcon.colcon_core.event_handler.log_command:Invoking command in '/home/nathan/practice_ws/build/exercise': CMAKE_PREFIX_PATH=/opt/ros/humble /home/nathan/.local/bin/cmake /home/nathan/practice_ws/src/exercise -DCMAKE_INSTALL_PREFIX=/home/nathan/practice_ws/install/exercise
[0.355s] DEBUG:colcon.colcon_core.event_handler.log_command:Invoked command in '/home/nathan/practice_ws/build/exercise' returned '0': CMAKE_PREFIX_PATH=/opt/ros/humble /home/nathan/.local/bin/cmake /home/nathan/practice_ws/src/exercise -DCMAKE_INSTALL_PREFIX=/home/nathan/practice_ws/install/exercise
[0.357s] DEBUG:colcon.colcon_core.event_handler.log_command:Invoking command in '/home/nathan/practice_ws/build/exercise': CMAKE_PREFIX_PATH=/opt/ros/humble /home/nathan/.local/bin/cmake --build /home/nathan/practice_ws/build/exercise -- -j20 -l20
[0.394s] DEBUG:colcon.colcon_core.event_handler.log_command:Invoked command in '/home/nathan/practice_ws/build/exercise' returned '0': CMAKE_PREFIX_PATH=/opt/ros/humble /home/nathan/.local/bin/cmake --build /home/nathan/practice_ws/build/exercise -- -j20 -l20
[0.420s] DEBUG:colcon.colcon_core.event_handler.log_command:Invoking command in '/home/nathan/practice_ws/build/exercise': CMAKE_PREFIX_PATH=/opt/ros/humble /home/nathan/.local/bin/cmake --install /home/nathan/practice_ws/build/exercise
[0.440s] Level 1:colcon.colcon_core.environment:create_environment_scripts_only(exercise)
[0.440s] DEBUG:colcon.colcon_core.event_handler.log_command:Invoked command in '/home/nathan/practice_ws/build/exercise' returned '0': CMAKE_PREFIX_PATH=/opt/ros/humble /home/nathan/.local/bin/cmake --install /home/nathan/practice_ws/build/exercise
[0.441s] Level 1:colcon.colcon_core.environment:checking '/home/nathan/practice_ws/install/exercise' for CMake module files
[0.442s] Level 1:colcon.colcon_core.environment:checking '/home/nathan/practice_ws/install/exercise' for CMake config files
[0.442s] Level 1:colcon.colcon_core.shell:create_environment_hook('exercise', 'cmake_prefix_path')
[0.442s] INFO:colcon.colcon_core.shell:Creating environment hook '/home/nathan/practice_ws/install/exercise/share/exercise/hook/cmake_prefix_path.ps1'
[0.443s] INFO:colcon.colcon_core.shell:Creating environment descriptor '/home/nathan/practice_ws/install/exercise/share/exercise/hook/cmake_prefix_path.dsv'
[0.443s] INFO:colcon.colcon_core.shell:Creating environment hook '/home/nathan/practice_ws/install/exercise/share/exercise/hook/cmake_prefix_path.sh'
[0.444s] Level 1:colcon.colcon_core.environment:checking '/home/nathan/practice_ws/install/exercise/bin'
[0.444s] Level 1:colcon.colcon_core.environment:checking '/home/nathan/practice_ws/install/exercise/lib/pkgconfig/exercise.pc'
[0.444s] Level 1:colcon.colcon_core.environment:checking '/home/nathan/practice_ws/install/exercise/lib/python3.10/site-packages'
[0.444s] Level 1:colcon.colcon_core.environment:checking '/home/nathan/practice_ws/install/exercise/bin'
[0.445s] INFO:colcon.colcon_core.shell:Creating package script '/home/nathan/practice_ws/install/exercise/share/exercise/package.ps1'
[0.445s] INFO:colcon.colcon_core.shell:Creating package descriptor '/home/nathan/practice_ws/install/exercise/share/exercise/package.dsv'
[0.445s] INFO:colcon.colcon_core.shell:Creating package script '/home/nathan/practice_ws/install/exercise/share/exercise/package.sh'
[0.446s] INFO:colcon.colcon_core.shell:Creating package script '/home/nathan/practice_ws/install/exercise/share/exercise/package.bash'
[0.446s] INFO:colcon.colcon_core.shell:Creating package script '/home/nathan/practice_ws/install/exercise/share/exercise/package.zsh'
[0.446s] Level 1:colcon.colcon_core.environment:create_file_with_runtime_dependencies(/home/nathan/practice_ws/install/exercise/share/colcon-core/packages/exercise)
[0.447s] Level 1:colcon.colcon_core.environment:create_environment_scripts_only(exercise)
[0.447s] Level 1:colcon.colcon_core.environment:checking '/home/nathan/practice_ws/install/exercise' for CMake module files
[0.447s] Level 1:colcon.colcon_core.environment:checking '/home/nathan/practice_ws/install/exercise' for CMake config files
[0.447s] Level 1:colcon.colcon_core.shell:create_environment_hook('exercise', 'cmake_prefix_path')
[0.447s] INFO:colcon.colcon_core.shell:Creating environment hook '/home/nathan/practice_ws/install/exercise/share/exercise/hook/cmake_prefix_path.ps1'
[0.447s] INFO:colcon.colcon_core.shell:Creating environment descriptor '/home/nathan/practice_ws/install/exercise/share/exercise/hook/cmake_prefix_path.dsv'
[0.448s] INFO:colcon.colcon_core.shell:Creating environment hook '/home/nathan/practice_ws/install/exercise/share/exercise/hook/cmake_prefix_path.sh'
[0.448s] Level 1:colcon.colcon_core.environment:checking '/home/nathan/practice_ws/install/exercise/bin'
[0.448s] Level 1:colcon.colcon_core.environment:checking '/home/nathan/practice_ws/install/exercise/lib/pkgconfig/exercise.pc'
[0.448s] Level 1:colcon.colcon_core.environment:checking '/home/nathan/practice_ws/install/exercise/lib/python3.10/site-packages'
[0.448s] Level 1:colcon.colcon_core.environment:checking '/home/nathan/practice_ws/install/exercise/bin'
[0.448s] INFO:colcon.colcon_core.shell:Creating package script '/home/nathan/practice_ws/install/exercise/share/exercise/package.ps1'
[0.449s] INFO:colcon.colcon_core.shell:Creating package descriptor '/home/nathan/practice_ws/install/exercise/share/exercise/package.dsv'
[0.449s] INFO:colcon.colcon_core.shell:Creating package script '/home/nathan/practice_ws/install/exercise/share/exercise/package.sh'
[0.449s] INFO:colcon.colcon_core.shell:Creating package script '/home/nathan/practice_ws/install/exercise/share/exercise/package.bash'
[0.449s] INFO:colcon.colcon_core.shell:Creating package script '/home/nathan/practice_ws/install/exercise/share/exercise/package.zsh'
[0.449s] Level 1:colcon.colcon_core.environment:create_file_with_runtime_dependencies(/home/nathan/practice_ws/install/exercise/share/colcon-core/packages/exercise)
[0.449s] DEBUG:colcon.colcon_parallel_executor.executor.parallel:closing loop
[0.450s] DEBUG:colcon.colcon_parallel_executor.executor.parallel:loop closed
[0.450s] DEBUG:colcon.colcon_parallel_executor.executor.parallel:run_until_complete finished with '0'
[0.450s] DEBUG:colcon.colcon_core.event_reactor:joining thread
[0.452s] INFO:colcon.colcon_core.plugin_system:Skipping extension 'colcon_notification.desktop_notification.terminal_notifier': Not used on non-Darwin systems
[0.453s] INFO:colcon.colcon_core.plugin_system:Skipping extension 'colcon_notification.desktop_notification.win32': Not used on non-Windows systems
[0.453s] INFO:colcon.colcon_notification.desktop_notification:Sending desktop notification using 'notify2'
[0.461s] DEBUG:colcon.colcon_core.event_reactor:joined thread
[0.462s] INFO:colcon.colcon_core.shell:Creating prefix script '/home/nathan/practice_ws/install/local_setup.ps1'
[0.462s] INFO:colcon.colcon_core.shell:Creating prefix util module '/home/nathan/practice_ws/install/_local_setup_util_ps1.py'
[0.463s] INFO:colcon.colcon_core.shell:Creating prefix chain script '/home/nathan/practice_ws/install/setup.ps1'
[0.464s] INFO:colcon.colcon_core.shell:Creating prefix script '/home/nathan/practice_ws/install/local_setup.sh'
[0.464s] INFO:colcon.colcon_core.shell:Creating prefix util module '/home/nathan/practice_ws/install/_local_setup_util_sh.py'
[0.464s] INFO:colcon.colcon_core.shell:Creating prefix chain script '/home/nathan/practice_ws/install/setup.sh'
[0.465s] INFO:colcon.colcon_core.shell:Creating prefix script '/home/nathan/practice_ws/install/local_setup.bash'
[0.465s] INFO:colcon.colcon_core.shell:Creating prefix chain script '/home/nathan/practice_ws/install/setup.bash'
[0.466s] INFO:colcon.colcon_core.shell:Creating prefix script '/home/nathan/practice_ws/install/local_setup.zsh'
[0.466s] INFO:colcon.colcon_core.shell:Creating prefix chain script '/home/nathan/practice_ws/install/setup.zsh'
