running egg_info
writing ../../build/my_pakage/my_pakage.egg-info/PKG-INFO
writing dependency_links to ../../build/my_pakage/my_pakage.egg-info/dependency_links.txt
writing entry points to ../../build/my_pakage/my_pakage.egg-info/entry_points.txt
writing requirements to ../../build/my_pakage/my_pakage.egg-info/requires.txt
writing top-level names to ../../build/my_pakage/my_pakage.egg-info/top_level.txt
reading manifest file '../../build/my_pakage/my_pakage.egg-info/SOURCES.txt'
writing manifest file '../../build/my_pakage/my_pakage.egg-info/SOURCES.txt'
running build
running build_py
running install
running install_lib
running install_data
running install_egg_info
removing '/home/nathan/practice_ws/install/my_pakage/lib/python3.10/site-packages/my_pakage-0.0.0-py3.10.egg-info' (and everything under it)
Copying ../../build/my_pakage/my_pakage.egg-info to /home/nathan/practice_ws/install/my_pakage/lib/python3.10/site-packages/my_pakage-0.0.0-py3.10.egg-info
running install_scripts
Installing my_publisher script to /home/nathan/practice_ws/install/my_pakage/lib/my_pakage
Installing my_subscriber script to /home/nathan/practice_ws/install/my_pakage/lib/my_pakage
writing list of installed files to '/home/nathan/practice_ws/build/my_pakage/install.log'
