[0.007s] Invoking command in '/home/nathan/practice_ws/build/exercise': CMAKE_PREFIX_PATH=${CMAKE_PREFIX_PATH}:/opt/ros/humble /home/nathan/.local/bin/cmake --build /home/nathan/practice_ws/build/exercise -- -j20 -l20
[0.038s] Built target ament_cmake_python_copy_scripts
[0.188s] running egg_info
[0.188s] writing scripts.egg-info/PKG-INFO
[0.188s] writing dependency_links to scripts.egg-info/dependency_links.txt
[0.189s] writing top-level names to scripts.egg-info/top_level.txt
[0.190s] reading manifest file 'scripts.egg-info/SOURCES.txt'
[0.190s] writing manifest file 'scripts.egg-info/SOURCES.txt'
[0.203s] Built target ament_cmake_python_build_scripts_egg
[0.209s] Invoked command in '/home/nathan/practice_ws/build/exercise' returned '0': CMAKE_PREFIX_PATH=${CMAKE_PREFIX_PATH}:/opt/ros/humble /home/nathan/.local/bin/cmake --build /home/nathan/practice_ws/build/exercise -- -j20 -l20
[0.228s] Invoking command in '/home/nathan/practice_ws/build/exercise': CMAKE_PREFIX_PATH=${CMAKE_PREFIX_PATH}:/opt/ros/humble /home/nathan/.local/bin/cmake --install /home/nathan/practice_ws/build/exercise
[0.244s] -- Install configuration: ""
[0.244s] -- Up-to-date: /home/nathan/practice_ws/install/exercise/share/exercise/environment/pythonpath.sh
[0.244s] -- Up-to-date: /home/nathan/practice_ws/install/exercise/share/exercise/environment/pythonpath.dsv
[0.244s] -- Up-to-date: /home/nathan/practice_ws/install/exercise/local/lib/python3.10/dist-packages/scripts-0.0.0-py3.10.egg-info
[0.244s] -- Installing: /home/nathan/practice_ws/install/exercise/local/lib/python3.10/dist-packages/scripts-0.0.0-py3.10.egg-info/top_level.txt
[0.244s] -- Installing: /home/nathan/practice_ws/install/exercise/local/lib/python3.10/dist-packages/scripts-0.0.0-py3.10.egg-info/PKG-INFO
[0.244s] -- Installing: /home/nathan/practice_ws/install/exercise/local/lib/python3.10/dist-packages/scripts-0.0.0-py3.10.egg-info/SOURCES.txt
[0.244s] -- Installing: /home/nathan/practice_ws/install/exercise/local/lib/python3.10/dist-packages/scripts-0.0.0-py3.10.egg-info/dependency_links.txt
[0.244s] -- Up-to-date: /home/nathan/practice_ws/install/exercise/local/lib/python3.10/dist-packages/scripts
[0.244s] -- Installing: /home/nathan/practice_ws/install/exercise/local/lib/python3.10/dist-packages/scripts/publisher.py
[0.244s] -- Installing: /home/nathan/practice_ws/install/exercise/local/lib/python3.10/dist-packages/scripts/subscriber.py
[0.244s] -- Up-to-date: /home/nathan/practice_ws/install/exercise/local/lib/python3.10/dist-packages/scripts/__init__.py
[0.265s] Listing '/home/nathan/practice_ws/install/exercise/local/lib/python3.10/dist-packages/scripts'...
[0.265s] Compiling '/home/nathan/practice_ws/install/exercise/local/lib/python3.10/dist-packages/scripts/publisher.py'...
[0.265s] Compiling '/home/nathan/practice_ws/install/exercise/local/lib/python3.10/dist-packages/scripts/subscriber.py'...
[0.268s] -- Installing: /home/nathan/practice_ws/install/exercise/lib/exercise/publisher.py
[0.268s] -- Installing: /home/nathan/practice_ws/install/exercise/lib/exercise/subscriber.py
[0.268s] -- Up-to-date: /home/nathan/practice_ws/install/exercise/share/ament_index/resource_index/package_run_dependencies/exercise
[0.268s] -- Up-to-date: /home/nathan/practice_ws/install/exercise/share/ament_index/resource_index/parent_prefix_path/exercise
[0.268s] -- Up-to-date: /home/nathan/practice_ws/install/exercise/share/exercise/environment/ament_prefix_path.sh
[0.268s] -- Up-to-date: /home/nathan/practice_ws/install/exercise/share/exercise/environment/ament_prefix_path.dsv
[0.268s] -- Up-to-date: /home/nathan/practice_ws/install/exercise/share/exercise/environment/path.sh
[0.268s] -- Up-to-date: /home/nathan/practice_ws/install/exercise/share/exercise/environment/path.dsv
[0.268s] -- Up-to-date: /home/nathan/practice_ws/install/exercise/share/exercise/local_setup.bash
[0.268s] -- Up-to-date: /home/nathan/practice_ws/install/exercise/share/exercise/local_setup.sh
[0.268s] -- Up-to-date: /home/nathan/practice_ws/install/exercise/share/exercise/local_setup.zsh
[0.268s] -- Up-to-date: /home/nathan/practice_ws/install/exercise/share/exercise/local_setup.dsv
[0.268s] -- Installing: /home/nathan/practice_ws/install/exercise/share/exercise/package.dsv
[0.268s] -- Up-to-date: /home/nathan/practice_ws/install/exercise/share/ament_index/resource_index/packages/exercise
[0.268s] -- Up-to-date: /home/nathan/practice_ws/install/exercise/share/exercise/cmake/exerciseConfig.cmake
[0.268s] -- Up-to-date: /home/nathan/practice_ws/install/exercise/share/exercise/cmake/exerciseConfig-version.cmake
[0.268s] -- Up-to-date: /home/nathan/practice_ws/install/exercise/share/exercise/package.xml
[0.272s] Invoked command in '/home/nathan/practice_ws/build/exercise' returned '0': CMAKE_PREFIX_PATH=${CMAKE_PREFIX_PATH}:/opt/ros/humble /home/nathan/.local/bin/cmake --install /home/nathan/practice_ws/build/exercise
