[0.007s] Invoking command in '/home/nathan/practice_ws/build/exercise': CMAKE_PREFIX_PATH=/opt/ros/humble /home/nathan/.local/bin/cmake --build /home/nathan/practice_ws/build/exercise -- -j20 -l20
[0.028s] -- Found ament_cmake: 1.3.12 (/opt/ros/humble/share/ament_cmake/cmake)
[0.090s] -- Found rclpy: 3.3.19 (/opt/ros/humble/share/rclpy/cmake)
[0.145s] -- Found ament_lint_auto: 0.12.14 (/opt/ros/humble/share/ament_lint_auto/cmake)
[0.207s] -- Configuring done
[0.211s] -- Generating done
[0.212s] -- Build files have been written to: /home/nathan/practice_ws/build/exercise
[0.225s] Built target ament_cmake_python_copy_scripts
[0.372s] running egg_info
[0.372s] creating scripts.egg-info
[0.372s] writing scripts.egg-info/PKG-INFO
[0.372s] writing dependency_links to scripts.egg-info/dependency_links.txt
[0.372s] writing top-level names to scripts.egg-info/top_level.txt
[0.372s] writing manifest file 'scripts.egg-info/SOURCES.txt'
[0.374s] reading manifest file 'scripts.egg-info/SOURCES.txt'
[0.374s] writing manifest file 'scripts.egg-info/SOURCES.txt'
[0.387s] Built target ament_cmake_python_build_scripts_egg
[0.393s] Invoked command in '/home/nathan/practice_ws/build/exercise' returned '0': CMAKE_PREFIX_PATH=/opt/ros/humble /home/nathan/.local/bin/cmake --build /home/nathan/practice_ws/build/exercise -- -j20 -l20
[0.416s] Invoking command in '/home/nathan/practice_ws/build/exercise': CMAKE_PREFIX_PATH=/opt/ros/humble /home/nathan/.local/bin/cmake --install /home/nathan/practice_ws/build/exercise
[0.438s] -- Install configuration: ""
[0.438s] -- Installing: /home/nathan/practice_ws/install/exercise/share/exercise/environment/pythonpath.sh
[0.438s] -- Installing: /home/nathan/practice_ws/install/exercise/share/exercise/environment/pythonpath.dsv
[0.438s] -- Installing: /home/nathan/practice_ws/install/exercise/local/lib/python3.10/dist-packages/scripts-0.0.0-py3.10.egg-info
[0.438s] -- Installing: /home/nathan/practice_ws/install/exercise/local/lib/python3.10/dist-packages/scripts-0.0.0-py3.10.egg-info/top_level.txt
[0.439s] -- Installing: /home/nathan/practice_ws/install/exercise/local/lib/python3.10/dist-packages/scripts-0.0.0-py3.10.egg-info/PKG-INFO
[0.439s] -- Installing: /home/nathan/practice_ws/install/exercise/local/lib/python3.10/dist-packages/scripts-0.0.0-py3.10.egg-info/SOURCES.txt
[0.439s] -- Installing: /home/nathan/practice_ws/install/exercise/local/lib/python3.10/dist-packages/scripts-0.0.0-py3.10.egg-info/dependency_links.txt
[0.439s] -- Installing: /home/nathan/practice_ws/install/exercise/local/lib/python3.10/dist-packages/scripts
[0.439s] -- Installing: /home/nathan/practice_ws/install/exercise/local/lib/python3.10/dist-packages/scripts/pubilsher.py
[0.439s] -- Installing: /home/nathan/practice_ws/install/exercise/local/lib/python3.10/dist-packages/scripts/subscriber.py
[0.439s] -- Installing: /home/nathan/practice_ws/install/exercise/local/lib/python3.10/dist-packages/scripts/__init__.py
[0.460s] Listing '/home/nathan/practice_ws/install/exercise/local/lib/python3.10/dist-packages/scripts'...
[0.460s] Compiling '/home/nathan/practice_ws/install/exercise/local/lib/python3.10/dist-packages/scripts/__init__.py'...
[0.460s] Compiling '/home/nathan/practice_ws/install/exercise/local/lib/python3.10/dist-packages/scripts/pubilsher.py'...
[0.460s] Compiling '/home/nathan/practice_ws/install/exercise/local/lib/python3.10/dist-packages/scripts/subscriber.py'...
[0.462s] [31mCMake Error at cmake_install.cmake:70 (file):
[0.462s]   file INSTALL cannot find
[0.462s]   "/home/nathan/practice_ws/src/exercise/scripts/publisher.py": No such file
[0.462s]   or directory.
[0.462s] 
[0.462s] [0m
[0.466s] Invoked command in '/home/nathan/practice_ws/build/exercise' returned '1': CMAKE_PREFIX_PATH=/opt/ros/humble /home/nathan/.local/bin/cmake --install /home/nathan/practice_ws/build/exercise
