Built target ament_cmake_python_copy_scripts
running egg_info
writing scripts.egg-info/PKG-INFO
writing dependency_links to scripts.egg-info/dependency_links.txt
writing top-level names to scripts.egg-info/top_level.txt
reading manifest file 'scripts.egg-info/SOURCES.txt'
writing manifest file 'scripts.egg-info/SOURCES.txt'
Built target ament_cmake_python_build_scripts_egg
-- Install configuration: ""
-- Up-to-date: /home/nathan/practice_ws/install/exercise/share/exercise/environment/pythonpath.sh
-- Up-to-date: /home/nathan/practice_ws/install/exercise/share/exercise/environment/pythonpath.dsv
-- Up-to-date: /home/nathan/practice_ws/install/exercise/local/lib/python3.10/dist-packages/scripts-0.0.0-py3.10.egg-info
-- Installing: /home/nathan/practice_ws/install/exercise/local/lib/python3.10/dist-packages/scripts-0.0.0-py3.10.egg-info/top_level.txt
-- Installing: /home/nathan/practice_ws/install/exercise/local/lib/python3.10/dist-packages/scripts-0.0.0-py3.10.egg-info/PKG-INFO
-- Installing: /home/nathan/practice_ws/install/exercise/local/lib/python3.10/dist-packages/scripts-0.0.0-py3.10.egg-info/SOURCES.txt
-- Installing: /home/nathan/practice_ws/install/exercise/local/lib/python3.10/dist-packages/scripts-0.0.0-py3.10.egg-info/dependency_links.txt
-- Up-to-date: /home/nathan/practice_ws/install/exercise/local/lib/python3.10/dist-packages/scripts
-- Up-to-date: /home/nathan/practice_ws/install/exercise/local/lib/python3.10/dist-packages/scripts/publisher.py
-- Installing: /home/nathan/practice_ws/install/exercise/local/lib/python3.10/dist-packages/scripts/subscriber.py
-- Up-to-date: /home/nathan/practice_ws/install/exercise/local/lib/python3.10/dist-packages/scripts/__init__.py
Listing '/home/nathan/practice_ws/install/exercise/local/lib/python3.10/dist-packages/scripts'...
Compiling '/home/nathan/practice_ws/install/exercise/local/lib/python3.10/dist-packages/scripts/subscriber.py'...
-- Up-to-date: /home/nathan/practice_ws/install/exercise/lib/exercise/publisher.py
-- Installing: /home/nathan/practice_ws/install/exercise/lib/exercise/subscriber.py
-- Up-to-date: /home/nathan/practice_ws/install/exercise/share/ament_index/resource_index/package_run_dependencies/exercise
-- Up-to-date: /home/nathan/practice_ws/install/exercise/share/ament_index/resource_index/parent_prefix_path/exercise
-- Up-to-date: /home/nathan/practice_ws/install/exercise/share/exercise/environment/ament_prefix_path.sh
-- Up-to-date: /home/nathan/practice_ws/install/exercise/share/exercise/environment/ament_prefix_path.dsv
-- Up-to-date: /home/nathan/practice_ws/install/exercise/share/exercise/environment/path.sh
-- Up-to-date: /home/nathan/practice_ws/install/exercise/share/exercise/environment/path.dsv
-- Up-to-date: /home/nathan/practice_ws/install/exercise/share/exercise/local_setup.bash
-- Up-to-date: /home/nathan/practice_ws/install/exercise/share/exercise/local_setup.sh
-- Up-to-date: /home/nathan/practice_ws/install/exercise/share/exercise/local_setup.zsh
-- Up-to-date: /home/nathan/practice_ws/install/exercise/share/exercise/local_setup.dsv
-- Installing: /home/nathan/practice_ws/install/exercise/share/exercise/package.dsv
-- Up-to-date: /home/nathan/practice_ws/install/exercise/share/ament_index/resource_index/packages/exercise
-- Up-to-date: /home/nathan/practice_ws/install/exercise/share/exercise/cmake/exerciseConfig.cmake
-- Up-to-date: /home/nathan/practice_ws/install/exercise/share/exercise/cmake/exerciseConfig-version.cmake
-- Up-to-date: /home/nathan/practice_ws/install/exercise/share/exercise/package.xml
