running egg_info
creating ../../build/my_pakage/my_pakage.egg-info
writing ../../build/my_pakage/my_pakage.egg-info/PKG-INFO
writing dependency_links to ../../build/my_pakage/my_pakage.egg-info/dependency_links.txt
writing entry points to ../../build/my_pakage/my_pakage.egg-info/entry_points.txt
writing requirements to ../../build/my_pakage/my_pakage.egg-info/requires.txt
writing top-level names to ../../build/my_pakage/my_pakage.egg-info/top_level.txt
writing manifest file '../../build/my_pakage/my_pakage.egg-info/SOURCES.txt'
reading manifest file '../../build/my_pakage/my_pakage.egg-info/SOURCES.txt'
writing manifest file '../../build/my_pakage/my_pakage.egg-info/SOURCES.txt'
running build
running build_py
creating /home/nathan/practice_ws/build/my_pakage/build
creating /home/nathan/practice_ws/build/my_pakage/build/lib
creating /home/nathan/practice_ws/build/my_pakage/build/lib/my_pakage
copying my_pakage/subscriber2.py -> /home/nathan/practice_ws/build/my_pakage/build/lib/my_pakage
copying my_pakage/__init__.py -> /home/nathan/practice_ws/build/my_pakage/build/lib/my_pakage
copying my_pakage/publisher2.py -> /home/nathan/practice_ws/build/my_pakage/build/lib/my_pakage
running install
running install_lib
creating /home/nathan/practice_ws/install/my_pakage/lib/python3.10/site-packages/my_pakage
copying /home/nathan/practice_ws/build/my_pakage/build/lib/my_pakage/subscriber2.py -> /home/nathan/practice_ws/install/my_pakage/lib/python3.10/site-packages/my_pakage
copying /home/nathan/practice_ws/build/my_pakage/build/lib/my_pakage/__init__.py -> /home/nathan/practice_ws/install/my_pakage/lib/python3.10/site-packages/my_pakage
copying /home/nathan/practice_ws/build/my_pakage/build/lib/my_pakage/publisher2.py -> /home/nathan/practice_ws/install/my_pakage/lib/python3.10/site-packages/my_pakage
byte-compiling /home/nathan/practice_ws/install/my_pakage/lib/python3.10/site-packages/my_pakage/subscriber2.py to subscriber2.cpython-310.pyc
byte-compiling /home/nathan/practice_ws/install/my_pakage/lib/python3.10/site-packages/my_pakage/__init__.py to __init__.cpython-310.pyc
byte-compiling /home/nathan/practice_ws/install/my_pakage/lib/python3.10/site-packages/my_pakage/publisher2.py to publisher2.cpython-310.pyc
running install_data
creating /home/nathan/practice_ws/install/my_pakage/share/ament_index
creating /home/nathan/practice_ws/install/my_pakage/share/ament_index/resource_index
creating /home/nathan/practice_ws/install/my_pakage/share/ament_index/resource_index/packages
copying resource/my_pakage -> /home/nathan/practice_ws/install/my_pakage/share/ament_index/resource_index/packages
copying package.xml -> /home/nathan/practice_ws/install/my_pakage/share/my_pakage
running install_egg_info
Copying ../../build/my_pakage/my_pakage.egg-info to /home/nathan/practice_ws/install/my_pakage/lib/python3.10/site-packages/my_pakage-0.0.0-py3.10.egg-info
running install_scripts
Installing my_publisher script to /home/nathan/practice_ws/install/my_pakage/lib/my_pakage
Installing my_subscriber script to /home/nathan/practice_ws/install/my_pakage/lib/my_pakage
writing list of installed files to '/home/nathan/practice_ws/build/my_pakage/install.log'
