[0.009s] Invoking command in '/home/nathan/practice_ws/build/exercise': CMAKE_PREFIX_PATH=/opt/ros/humble CONDA_PROMPT_MODIFIER=(base) /home/nathan/.local/bin/cmake --build /home/nathan/practice_ws/build/exercise -- -j20 -l20
[0.047s] -- Found ament_cmake: 1.3.12 (/opt/ros/humble/share/ament_cmake/cmake)
[0.127s] -- Found rclpy: 3.3.19 (/opt/ros/humble/share/rclpy/cmake)
[0.186s] -- Found ament_lint_auto: 0.12.14 (/opt/ros/humble/share/ament_lint_auto/cmake)
[0.254s] -- Configuring done
[0.259s] -- Generating done
[0.260s] -- Build files have been written to: /home/nathan/practice_ws/build/exercise
[0.275s] Built target ament_cmake_python_copy_scripts
[0.432s] running egg_info
[0.433s] writing scripts.egg-info/PKG-INFO
[0.433s] writing dependency_links to scripts.egg-info/dependency_links.txt
[0.433s] writing top-level names to scripts.egg-info/top_level.txt
[0.434s] reading manifest file 'scripts.egg-info/SOURCES.txt'
[0.435s] writing manifest file 'scripts.egg-info/SOURCES.txt'
[0.451s] Built target ament_cmake_python_build_scripts_egg
[0.458s] Invoked command in '/home/nathan/practice_ws/build/exercise' returned '0': CMAKE_PREFIX_PATH=/opt/ros/humble CONDA_PROMPT_MODIFIER=(base) /home/nathan/.local/bin/cmake --build /home/nathan/practice_ws/build/exercise -- -j20 -l20
[0.479s] Invoking command in '/home/nathan/practice_ws/build/exercise': CMAKE_PREFIX_PATH=/opt/ros/humble CONDA_PROMPT_MODIFIER=(base) /home/nathan/.local/bin/cmake --install /home/nathan/practice_ws/build/exercise
[0.495s] -- Install configuration: ""
[0.496s] -- Up-to-date: /home/nathan/practice_ws/install/exercise/share/exercise/environment/pythonpath.sh
[0.496s] -- Installing: /home/nathan/practice_ws/install/exercise/share/exercise/environment/pythonpath.dsv
[0.496s] -- Up-to-date: /home/nathan/practice_ws/install/exercise/local/lib/python3.10/dist-packages/scripts-0.0.0-py3.10.egg-info
[0.496s] -- Installing: /home/nathan/practice_ws/install/exercise/local/lib/python3.10/dist-packages/scripts-0.0.0-py3.10.egg-info/top_level.txt
[0.496s] -- Installing: /home/nathan/practice_ws/install/exercise/local/lib/python3.10/dist-packages/scripts-0.0.0-py3.10.egg-info/PKG-INFO
[0.496s] -- Installing: /home/nathan/practice_ws/install/exercise/local/lib/python3.10/dist-packages/scripts-0.0.0-py3.10.egg-info/SOURCES.txt
[0.496s] -- Installing: /home/nathan/practice_ws/install/exercise/local/lib/python3.10/dist-packages/scripts-0.0.0-py3.10.egg-info/dependency_links.txt
[0.496s] -- Up-to-date: /home/nathan/practice_ws/install/exercise/local/lib/python3.10/dist-packages/scripts
[0.496s] -- Installing: /home/nathan/practice_ws/install/exercise/local/lib/python3.10/dist-packages/scripts/speed_subscriber.py
[0.496s] -- Up-to-date: /home/nathan/practice_ws/install/exercise/local/lib/python3.10/dist-packages/scripts/publisher.py
[0.496s] -- Installing: /home/nathan/practice_ws/install/exercise/local/lib/python3.10/dist-packages/scripts/rpm_publisher.py
[0.496s] -- Up-to-date: /home/nathan/practice_ws/install/exercise/local/lib/python3.10/dist-packages/scripts/subscriber.py
[0.496s] -- Up-to-date: /home/nathan/practice_ws/install/exercise/local/lib/python3.10/dist-packages/scripts/__init__.py
[0.519s] Listing '/home/nathan/practice_ws/install/exercise/local/lib/python3.10/dist-packages/scripts'...
[0.519s] Compiling '/home/nathan/practice_ws/install/exercise/local/lib/python3.10/dist-packages/scripts/rpm_publisher.py'...
[0.519s] Compiling '/home/nathan/practice_ws/install/exercise/local/lib/python3.10/dist-packages/scripts/speed_subscriber.py'...
[0.522s] -- Installing: /home/nathan/practice_ws/install/exercise/lib/exercise/rpm_publisher.py
[0.522s] -- Installing: /home/nathan/practice_ws/install/exercise/lib/exercise/speed_subscriber.py
[0.522s] -- Up-to-date: /home/nathan/practice_ws/install/exercise/share/ament_index/resource_index/package_run_dependencies/exercise
[0.522s] -- Up-to-date: /home/nathan/practice_ws/install/exercise/share/ament_index/resource_index/parent_prefix_path/exercise
[0.522s] -- Up-to-date: /home/nathan/practice_ws/install/exercise/share/exercise/environment/ament_prefix_path.sh
[0.523s] -- Installing: /home/nathan/practice_ws/install/exercise/share/exercise/environment/ament_prefix_path.dsv
[0.523s] -- Up-to-date: /home/nathan/practice_ws/install/exercise/share/exercise/environment/path.sh
[0.523s] -- Installing: /home/nathan/practice_ws/install/exercise/share/exercise/environment/path.dsv
[0.523s] -- Up-to-date: /home/nathan/practice_ws/install/exercise/share/exercise/local_setup.bash
[0.523s] -- Up-to-date: /home/nathan/practice_ws/install/exercise/share/exercise/local_setup.sh
[0.523s] -- Up-to-date: /home/nathan/practice_ws/install/exercise/share/exercise/local_setup.zsh
[0.523s] -- Installing: /home/nathan/practice_ws/install/exercise/share/exercise/local_setup.dsv
[0.523s] -- Installing: /home/nathan/practice_ws/install/exercise/share/exercise/package.dsv
[0.523s] -- Up-to-date: /home/nathan/practice_ws/install/exercise/share/ament_index/resource_index/packages/exercise
[0.523s] -- Up-to-date: /home/nathan/practice_ws/install/exercise/share/exercise/cmake/exerciseConfig.cmake
[0.523s] -- Up-to-date: /home/nathan/practice_ws/install/exercise/share/exercise/cmake/exerciseConfig-version.cmake
[0.523s] -- Up-to-date: /home/nathan/practice_ws/install/exercise/share/exercise/package.xml
[0.527s] Invoked command in '/home/nathan/practice_ws/build/exercise' returned '0': CMAKE_PREFIX_PATH=/opt/ros/humble CONDA_PROMPT_MODIFIER=(base) /home/nathan/.local/bin/cmake --install /home/nathan/practice_ws/build/exercise
