[0.008s] Invoking command in '/home/nathan/practice_ws/build/exercise': CMAKE_PREFIX_PATH=/opt/ros/humble /home/nathan/.local/bin/cmake --build /home/nathan/practice_ws/build/exercise -- -j20 -l20
[0.089s] Invoked command in '/home/nathan/practice_ws/build/exercise' returned '0': CMAKE_PREFIX_PATH=/opt/ros/humble /home/nathan/.local/bin/cmake --build /home/nathan/practice_ws/build/exercise -- -j20 -l20
[0.122s] Invoking command in '/home/nathan/practice_ws/build/exercise': CMAKE_PREFIX_PATH=/opt/ros/humble /home/nathan/.local/bin/cmake --install /home/nathan/practice_ws/build/exercise
[0.142s] -- Install configuration: ""
[0.143s] -- Up-to-date: /home/nathan/practice_ws/install/exercise/share/ament_index/resource_index/package_run_dependencies/exercise
[0.143s] -- Up-to-date: /home/nathan/practice_ws/install/exercise/share/ament_index/resource_index/parent_prefix_path/exercise
[0.143s] -- Up-to-date: /home/nathan/practice_ws/install/exercise/share/exercise/environment/ament_prefix_path.sh
[0.143s] -- Up-to-date: /home/nathan/practice_ws/install/exercise/share/exercise/environment/ament_prefix_path.dsv
[0.143s] -- Up-to-date: /home/nathan/practice_ws/install/exercise/share/exercise/environment/path.sh
[0.144s] -- Up-to-date: /home/nathan/practice_ws/install/exercise/share/exercise/environment/path.dsv
[0.144s] -- Up-to-date: /home/nathan/practice_ws/install/exercise/share/exercise/local_setup.bash
[0.144s] -- Up-to-date: /home/nathan/practice_ws/install/exercise/share/exercise/local_setup.sh
[0.144s] -- Up-to-date: /home/nathan/practice_ws/install/exercise/share/exercise/local_setup.zsh
[0.144s] -- Up-to-date: /home/nathan/practice_ws/install/exercise/share/exercise/local_setup.dsv
[0.144s] -- Up-to-date: /home/nathan/practice_ws/install/exercise/share/exercise/package.dsv
[0.144s] -- Up-to-date: /home/nathan/practice_ws/install/exercise/share/ament_index/resource_index/packages/exercise
[0.144s] -- Up-to-date: /home/nathan/practice_ws/install/exercise/share/exercise/cmake/exerciseConfig.cmake
[0.144s] -- Up-to-date: /home/nathan/practice_ws/install/exercise/share/exercise/cmake/exerciseConfig-version.cmake
[0.144s] -- Up-to-date: /home/nathan/practice_ws/install/exercise/share/exercise/package.xml
[0.147s] Invoked command in '/home/nathan/practice_ws/build/exercise' returned '0': CMAKE_PREFIX_PATH=/opt/ros/humble /home/nathan/.local/bin/cmake --install /home/nathan/practice_ws/build/exercise
