[0.006s] Invoking command in '/home/nathan/practice_ws/build/exercise': CMAKE_PREFIX_PATH=/opt/ros/humble /home/nathan/.local/bin/cmake /home/nathan/practice_ws/src/exercise -DCMAKE_INSTALL_PREFIX=/home/nathan/practice_ws/install/exercise
[0.028s] -- Found ament_cmake: 1.3.12 (/opt/ros/humble/share/ament_cmake/cmake)
[0.086s] -- Found ament_lint_auto: 0.12.14 (/opt/ros/humble/share/ament_lint_auto/cmake)
[0.150s] -- Configuring done
[0.151s] -- Generating done
[0.152s] -- Build files have been written to: /home/nathan/practice_ws/build/exercise
[0.156s] Invoked command in '/home/nathan/practice_ws/build/exercise' returned '0': CMAKE_PREFIX_PATH=/opt/ros/humble /home/nathan/.local/bin/cmake /home/nathan/practice_ws/src/exercise -DCMAKE_INSTALL_PREFIX=/home/nathan/practice_ws/install/exercise
[0.158s] Invoking command in '/home/nathan/practice_ws/build/exercise': CMAKE_PREFIX_PATH=/opt/ros/humble /home/nathan/.local/bin/cmake --build /home/nathan/practice_ws/build/exercise -- -j20 -l20
[0.194s] Invoked command in '/home/nathan/practice_ws/build/exercise' returned '0': CMAKE_PREFIX_PATH=/opt/ros/humble /home/nathan/.local/bin/cmake --build /home/nathan/practice_ws/build/exercise -- -j20 -l20
[0.221s] Invoking command in '/home/nathan/practice_ws/build/exercise': CMAKE_PREFIX_PATH=/opt/ros/humble /home/nathan/.local/bin/cmake --install /home/nathan/practice_ws/build/exercise
[0.236s] -- Install configuration: ""
[0.236s] -- Installing: /home/nathan/practice_ws/install/exercise/share/ament_index/resource_index/package_run_dependencies/exercise
[0.237s] -- Installing: /home/nathan/practice_ws/install/exercise/share/ament_index/resource_index/parent_prefix_path/exercise
[0.237s] -- Installing: /home/nathan/practice_ws/install/exercise/share/exercise/environment/ament_prefix_path.sh
[0.237s] -- Installing: /home/nathan/practice_ws/install/exercise/share/exercise/environment/ament_prefix_path.dsv
[0.237s] -- Installing: /home/nathan/practice_ws/install/exercise/share/exercise/environment/path.sh
[0.237s] -- Installing: /home/nathan/practice_ws/install/exercise/share/exercise/environment/path.dsv
[0.237s] -- Installing: /home/nathan/practice_ws/install/exercise/share/exercise/local_setup.bash
[0.237s] -- Installing: /home/nathan/practice_ws/install/exercise/share/exercise/local_setup.sh
[0.237s] -- Installing: /home/nathan/practice_ws/install/exercise/share/exercise/local_setup.zsh
[0.237s] -- Installing: /home/nathan/practice_ws/install/exercise/share/exercise/local_setup.dsv
[0.237s] -- Installing: /home/nathan/practice_ws/install/exercise/share/exercise/package.dsv
[0.237s] -- Installing: /home/nathan/practice_ws/install/exercise/share/ament_index/resource_index/packages/exercise
[0.238s] -- Installing: /home/nathan/practice_ws/install/exercise/share/exercise/cmake/exerciseConfig.cmake
[0.238s] -- Installing: /home/nathan/practice_ws/install/exercise/share/exercise/cmake/exerciseConfig-version.cmake
[0.238s] -- Installing: /home/nathan/practice_ws/install/exercise/share/exercise/package.xml
[0.241s] Invoked command in '/home/nathan/practice_ws/build/exercise' returned '0': CMAKE_PREFIX_PATH=/opt/ros/humble /home/nathan/.local/bin/cmake --install /home/nathan/practice_ws/build/exercise
